<?xml version="1.0" encoding="UTF-8"?>
<!-- Generated by org.testng.reporters.JUnitXMLReporter -->
<testsuite ignored="23" hostname="BHUKRK527101L" failures="0" tests="1" name="Default test" time="31.551" errors="0" timestamp="2025-03-27T16:26:02 IST">
  <testcase classname="register.Register" name="VerifyRegisteringAccountUsingMandatoryFields" time="3.226"/>
  <testcase classname="register.Register" name="VerifyWarningMessageOfMandatoryFieldsInRegisterAccountPage" time="0.0">
    <ignored/>
  </testcase> <!-- VerifyWarningMessageOfMandatoryFieldsInRegisterAccountPage -->
  <testcase classname="register.Register" name="VerifyDifferentWayOfNavigatingRegisterAccountPage" time="0.0">
    <ignored/>
  </testcase> <!-- VerifyDifferentWayOfNavigatingRegisterAccountPage -->
  <testcase classname="register.Register" name="VerifyRegisteringAccountProvidingMismatchPassword" time="0.0">
    <ignored/>
  </testcase> <!-- VerifyRegisteringAccountProvidingMismatchPassword -->
  <testcase classname="register.Register" name="verifyMandatoryFieldsInRegisterAccountPage" time="0.0">
    <ignored/>
  </testcase> <!-- verifyMandatoryFieldsInRegisterAccountPage -->
  <testcase classname="register.Register" name="verifyRegisterAccountPrivacyPolicyField" time="0.0">
    <ignored/>
  </testcase> <!-- verifyRegisterAccountPrivacyPolicyField -->
  <testcase classname="register.Register" name="VerifyRegisteringAccountProvidingInvalidPhoneNumber" time="0.0">
    <ignored/>
  </testcase> <!-- VerifyRegisteringAccountProvidingInvalidPhoneNumber -->
  <testcase classname="register.Register" name="VerifyRegisterAccountProvidingExistingMailAddress" time="0.0">
    <ignored/>
  </testcase> <!-- VerifyRegisterAccountProvidingExistingMailAddress -->
  <testcase classname="register.Register" name="verifyRegisteringAccountUsingPasswordWhichAreNotFollowingPasswordComplexityStandard" time="0.0">
    <ignored/>
  </testcase> <!-- verifyRegisteringAccountUsingPasswordWhichAreNotFollowingPasswordComplexityStandard -->
  <testcase classname="register.Register" name="verifyRegisterAccountPageBreadCrumbURLTitleHeading" time="0.0">
    <ignored/>
  </testcase> <!-- verifyRegisterAccountPageBreadCrumbURLTitleHeading -->
  <testcase classname="register.Register" name="VerifyRegisteringAccountByNOTSubscribingTheNewsletter" time="0.0">
    <ignored/>
  </testcase> <!-- VerifyRegisteringAccountByNOTSubscribingTheNewsletter -->
  <testcase classname="register.Register" name="verifyRegisterAccountInAllEnvironment" time="0.0">
    <ignored/>
  </testcase> <!-- verifyRegisterAccountInAllEnvironment -->
  <testcase classname="register.Register" name="verifyRegisterAccountUI" time="0.0">
    <ignored/>
  </testcase> <!-- verifyRegisterAccountUI -->
  <testcase classname="register.Register" name="verifyRegisterAccountPagePlaceHolder" time="0.0">
    <ignored/>
  </testcase> <!-- verifyRegisterAccountPagePlaceHolder -->
  <testcase classname="register.Register" name="VerifyRegisteringAccountBySubscribingTheNewsletter" time="0.0">
    <ignored/>
  </testcase> <!-- VerifyRegisteringAccountBySubscribingTheNewsletter -->
  <testcase classname="register.Register" name="verifyRegisteringAccountUsingKeyboardKeys" time="0.0">
    <ignored/>
  </testcase> <!-- verifyRegisteringAccountUsingKeyboardKeys -->
  <testcase classname="register.Register" name="verifyRegisteringAccountPasswordFieldsForSecurity" time="0.0">
    <ignored/>
  </testcase> <!-- verifyRegisteringAccountPasswordFieldsForSecurity -->
  <testcase classname="register.Register" name="verifyRegisterAccountPageNavigation" time="0.0">
    <ignored/>
  </testcase> <!-- verifyRegisterAccountPageNavigation -->
  <testcase classname="register.Register" name="verifyRegisteringAccountByEnteringOnlySpaces" time="0.0">
    <ignored/>
  </testcase> <!-- verifyRegisteringAccountByEnteringOnlySpaces -->
  <testcase classname="register.Register" name="verfiyRegisterAccountUsingLaedingAndTrailingSpaces" time="0.0">
    <ignored/>
  </testcase> <!-- verfiyRegisterAccountUsingLaedingAndTrailingSpaces -->
  <testcase classname="register.Register" name="VerifyRegisteringAccountProvideinvalidEmail" time="0.0">
    <ignored/>
  </testcase> <!-- VerifyRegisteringAccountProvideinvalidEmail -->
  <testcase classname="register.Register" name="verifyRegisteringAccountWithoutSelectingPrivacyPolicyChcekboxField" time="0.0">
    <ignored/>
  </testcase> <!-- verifyRegisteringAccountWithoutSelectingPrivacyPolicyChcekboxField -->
  <testcase classname="register.Register" name="verifyRegisteringAccountWithoutEnteringConfirmPassword" time="0.0">
    <ignored/>
  </testcase> <!-- verifyRegisteringAccountWithoutEnteringConfirmPassword -->
  <testcase classname="register.Register" name="VerifyRegisteringAccountWithAllFields" time="0.0">
    <ignored/>
  </testcase> <!-- VerifyRegisteringAccountWithAllFields -->
</testsuite> <!-- Default test -->
