<?xml version="1.0" encoding="UTF-8"?>
<!-- Generated by org.testng.reporters.JUnitXMLReporter -->
<testsuite ignored="0" hostname="BHUKRK527101L" failures="0" tests="2" name="Test" time="26.893" errors="0" timestamp="2024-12-14T11:01:12 IST">
  <testcase classname="register.TC_RF_Register_001" name="VerifyRegisteringAccountUsingMandatoryFields" time="14.067"/>
  <testcase classname="register.TC_RF_003" name="VerifyRegisteringAccountWithAllFields" time="12.728"/>
</testsuite> <!-- Test -->
