<?xml version="1.0" encoding="UTF-8"?>
<testng-results ignored="0" total="1" passed="1" failed="0" skipped="0">
  <reporter-output>
  </reporter-output>
  <suite started-at="2025-04-04T14:30:30 PDT" name="Default suite" finished-at="2025-04-04T14:30:39 PDT" duration-ms="9243">
    <groups>
    </groups>
    <test started-at="2025-04-04T14:30:30 PDT" name="Default test" finished-at="2025-04-04T14:30:39 PDT" duration-ms="9243">
      <class name="register.Register">
        <test-method is-config="true" signature="setup()[pri:0, instance:register.Register@30c15d8b]" started-at="2025-04-04T14:30:30 PDT" name="setup" finished-at="2025-04-04T14:30:36 PDT" duration-ms="5591" status="PASS">
          <reporter-output>
          </reporter-output>
        </test-method> <!-- setup -->
        <test-method signature="VerifyRegisteringAccountUsingMandatoryFields()[pri:1, instance:register.Register@30c15d8b]" started-at="2025-04-04T14:30:36 PDT" name="VerifyRegisteringAccountUsingMandatoryFields" finished-at="2025-04-04T14:30:39 PDT" duration-ms="3157" status="PASS">
          <reporter-output>
          </reporter-output>
        </test-method> <!-- VerifyRegisteringAccountUsingMandatoryFields -->
        <test-method is-config="true" signature="teardown()[pri:0, instance:register.Register@30c15d8b]" started-at="2025-04-04T14:30:39 PDT" name="teardown" finished-at="2025-04-04T14:30:39 PDT" duration-ms="381" status="PASS">
          <reporter-output>
          </reporter-output>
        </test-method> <!-- teardown -->
      </class> <!-- register.Register -->
    </test> <!-- Default test -->
  </suite> <!-- Default suite -->
</testng-results>
