<?xml version="1.0" encoding="UTF-8"?>
<testng-results ignored="0" total="1" passed="1" failed="0" skipped="0">
  <reporter-output>
  </reporter-output>
  <suite started-at="2025-03-27T16:25:30 IST" name="Default suite" finished-at="2025-03-27T16:26:02 IST" duration-ms="31551">
    <groups>
    </groups>
    <test started-at="2025-03-27T16:25:30 IST" name="Default test" finished-at="2025-03-27T16:26:02 IST" duration-ms="31551">
      <class name="register.Register">
        <test-method is-config="true" signature="setup()[pri:0, instance:register.Register@740cae06]" started-at="2025-03-27T16:25:30 IST" name="setup" finished-at="2025-03-27T16:25:58 IST" duration-ms="27571" status="PASS">
          <reporter-output>
          </reporter-output>
        </test-method> <!-- setup -->
        <test-method signature="VerifyRegisteringAccountUsingMandatoryFields()[pri:1, instance:register.Register@740cae06]" started-at="2025-03-27T16:25:58 IST" name="VerifyRegisteringAccountUsingMandatoryFields" finished-at="2025-03-27T16:26:01 IST" duration-ms="3226" status="PASS">
          <reporter-output>
          </reporter-output>
        </test-method> <!-- VerifyRegisteringAccountUsingMandatoryFields -->
        <test-method is-config="true" signature="teardown()[pri:0, instance:register.Register@740cae06]" started-at="2025-03-27T16:26:01 IST" name="teardown" finished-at="2025-03-27T16:26:02 IST" duration-ms="687" status="PASS">
          <reporter-output>
          </reporter-output>
        </test-method> <!-- teardown -->
      </class> <!-- register.Register -->
    </test> <!-- Default test -->
  </suite> <!-- Default suite -->
</testng-results>
